<?xml version="1.0" encoding="UTF-8"?>
<testng-results ignored="1" total="4" passed="2" failed="1" skipped="0">
  <reporter-output>
  </reporter-output>
  <suite started-at="2023-01-06T12:26:56 GMT-05:00" name="Default suite" finished-at="2023-01-06T12:27:08 GMT-05:00" duration-ms="12517">
    <groups>
    </groups>
    <test started-at="2023-01-06T12:26:56 GMT-05:00" name="Default test" finished-at="2023-01-06T12:27:08 GMT-05:00" duration-ms="12517">
      <class name="TestCases.ScreenShotOfFailedCases">
        <test-method is-config="true" signature="setup()[pri:0, instance:TestCases.ScreenShotOfFailedCases@3a6bb9bf]" started-at="2023-01-06T12:26:56 GMT-05:00" name="setup" finished-at="2023-01-06T12:27:02 GMT-05:00" duration-ms="6240" status="PASS">
          <reporter-output>
          </reporter-output>
        </test-method> <!-- setup -->
        <test-method signature="verifyLogoTest()[pri:0, instance:TestCases.ScreenShotOfFailedCases@3a6bb9bf]" started-at="2023-01-06T12:27:02 GMT-05:00" name="verifyLogoTest" finished-at="2023-01-06T12:27:02 GMT-05:00" duration-ms="115" status="PASS">
          <reporter-output>
          </reporter-output>
        </test-method> <!-- verifyLogoTest -->
        <test-method is-config="true" signature="closeBrowser(org.testng.ITestResult)[pri:0, instance:TestCases.ScreenShotOfFailedCases@3a6bb9bf]" started-at="2023-01-06T12:27:02 GMT-05:00" name="closeBrowser" finished-at="2023-01-06T12:27:03 GMT-05:00" duration-ms="332" status="PASS">
          <params>
            <param index="0">
              <value>
                <![CDATA[[TestResult name=verifyLogoTest status=SUCCESS method=ScreenShotOfFailedCases.verifyLogoTest()[pri:0, instance:TestCases.ScreenShotOfFailedCases@3a6bb9bf] output={null}]]]>
              </value>
            </param>
          </params>
          <reporter-output>
          </reporter-output>
        </test-method> <!-- closeBrowser -->
        <test-method is-config="true" signature="setup()[pri:0, instance:TestCases.ScreenShotOfFailedCases@3a6bb9bf]" started-at="2023-01-06T12:27:03 GMT-05:00" name="setup" finished-at="2023-01-06T12:27:05 GMT-05:00" duration-ms="2469" status="PASS">
          <reporter-output>
          </reporter-output>
        </test-method> <!-- setup -->
        <test-method signature="verifyTitleTest()[pri:0, instance:TestCases.ScreenShotOfFailedCases@3a6bb9bf]" started-at="2023-01-06T12:27:05 GMT-05:00" name="verifyTitleTest" finished-at="2023-01-06T12:27:05 GMT-05:00" duration-ms="24" status="FAIL">
          <exception class="java.lang.AssertionError">
            <message>
              <![CDATA[expected [Swag Labs] but found [Swag .Labs]]]>
            </message>
            <full-stacktrace>
              <![CDATA[java.lang.AssertionError: expected [Swag Labs] but found [Swag .Labs]
at org.testng.Assert.fail(Assert.java:97)
at org.testng.Assert.assertEqualsImpl(Assert.java:136)
at org.testng.Assert.assertEquals(Assert.java:118)
at org.testng.Assert.assertEquals(Assert.java:575)
at org.testng.Assert.assertEquals(Assert.java:585)
at TestCases.ScreenShotOfFailedCases.verifyTitleTest(ScreenShotOfFailedCases.java:39)
at java.base/jdk.internal.reflect.NativeMethodAccessorImpl.invoke0(Native Method)
at java.base/jdk.internal.reflect.NativeMethodAccessorImpl.invoke(NativeMethodAccessorImpl.java:62)
at java.base/jdk.internal.reflect.DelegatingMethodAccessorImpl.invoke(DelegatingMethodAccessorImpl.java:43)
at java.base/java.lang.reflect.Method.invoke(Method.java:566)
at org.testng.internal.MethodInvocationHelper.invokeMethod(MethodInvocationHelper.java:133)
at org.testng.internal.TestInvoker.invokeMethod(TestInvoker.java:584)
at org.testng.internal.TestInvoker.invokeTestMethod(TestInvoker.java:172)
at org.testng.internal.MethodRunner.runInSequence(MethodRunner.java:46)
at org.testng.internal.TestInvoker$MethodInvocationAgent.invoke(TestInvoker.java:804)
at org.testng.internal.TestInvoker.invokeTestMethods(TestInvoker.java:145)
at org.testng.internal.TestMethodWorker.invokeTestMethods(TestMethodWorker.java:146)
at org.testng.internal.TestMethodWorker.run(TestMethodWorker.java:128)
at java.base/java.util.ArrayList.forEach(ArrayList.java:1541)
at org.testng.TestRunner.privateRun(TestRunner.java:770)
at org.testng.TestRunner.run(TestRunner.java:591)
at org.testng.SuiteRunner.runTest(SuiteRunner.java:402)
at org.testng.SuiteRunner.runSequentially(SuiteRunner.java:396)
at org.testng.SuiteRunner.privateRun(SuiteRunner.java:355)
at org.testng.SuiteRunner.run(SuiteRunner.java:304)
at org.testng.SuiteRunnerWorker.runSuite(SuiteRunnerWorker.java:53)
at org.testng.SuiteRunnerWorker.run(SuiteRunnerWorker.java:96)
at org.testng.TestNG.runSuitesSequentially(TestNG.java:1180)
at org.testng.TestNG.runSuitesLocally(TestNG.java:1102)
at org.testng.TestNG.runSuites(TestNG.java:1032)
at org.testng.TestNG.run(TestNG.java:1000)
at org.testng.remote.AbstractRemoteTestNG.run(AbstractRemoteTestNG.java:115)
at org.testng.remote.RemoteTestNG.initAndRun(RemoteTestNG.java:251)
at org.testng.remote.RemoteTestNG.main(RemoteTestNG.java:77)
]]>
            </full-stacktrace>
          </exception> <!-- java.lang.AssertionError -->
          <reporter-output>
          </reporter-output>
        </test-method> <!-- verifyTitleTest -->
        <test-method is-config="true" signature="closeBrowser(org.testng.ITestResult)[pri:0, instance:TestCases.ScreenShotOfFailedCases@3a6bb9bf]" started-at="2023-01-06T12:27:05 GMT-05:00" name="closeBrowser" finished-at="2023-01-06T12:27:06 GMT-05:00" duration-ms="425" status="PASS">
          <params>
            <param index="0">
              <value>
                <![CDATA[[TestResult name=verifyTitleTest status=FAILURE method=ScreenShotOfFailedCases.verifyTitleTest()[pri:0, instance:TestCases.ScreenShotOfFailedCases@3a6bb9bf] output={null}]]]>
              </value>
            </param>
          </params>
          <reporter-output>
          </reporter-output>
        </test-method> <!-- closeBrowser -->
        <test-method is-config="true" signature="setup()[pri:0, instance:TestCases.ScreenShotOfFailedCases@3a6bb9bf]" started-at="2023-01-06T12:27:06 GMT-05:00" name="setup" finished-at="2023-01-06T12:27:08 GMT-05:00" duration-ms="2602" status="PASS">
          <reporter-output>
          </reporter-output>
        </test-method> <!-- setup -->
        <test-method signature="verifyUrlTest()[pri:0, instance:TestCases.ScreenShotOfFailedCases@3a6bb9bf]" started-at="2023-01-06T12:27:08 GMT-05:00" name="verifyUrlTest" finished-at="2023-01-06T12:27:08 GMT-05:00" duration-ms="24" status="PASS">
          <reporter-output>
          </reporter-output>
        </test-method> <!-- verifyUrlTest -->
        <test-method is-config="true" signature="closeBrowser(org.testng.ITestResult)[pri:0, instance:TestCases.ScreenShotOfFailedCases@3a6bb9bf]" started-at="2023-01-06T12:27:08 GMT-05:00" name="closeBrowser" finished-at="2023-01-06T12:27:08 GMT-05:00" duration-ms="212" status="PASS">
          <params>
            <param index="0">
              <value>
                <![CDATA[[TestResult name=verifyUrlTest status=SUCCESS method=ScreenShotOfFailedCases.verifyUrlTest()[pri:0, instance:TestCases.ScreenShotOfFailedCases@3a6bb9bf] output={null}]]]>
              </value>
            </param>
          </params>
          <reporter-output>
          </reporter-output>
        </test-method> <!-- closeBrowser -->
      </class> <!-- TestCases.ScreenShotOfFailedCases -->
    </test> <!-- Default test -->
  </suite> <!-- Default suite -->
</testng-results>
